have_library: checking for ../bridge() in -lbridge.o... -------------------- no

"clang -o conftest -I/Users/mrada/.rvm/rubies/ruby-1.9.3-p327/include/ruby-1.9.1/x86_64-darwin12.2.0 -I/Users/mrada/.rvm/rubies/ruby-1.9.3-p327/include/ruby-1.9.1/ruby/backward -I/Users/mrada/.rvm/rubies/ruby-1.9.3-p327/include/ruby-1.9.1 -I. -D_XOPEN_SOURCE -D_DARWIN_C_SOURCE   -I/Users/mrada/.rvm/usr/include  -O3 -ggdb -Wall -Wextra -Wno-unused-parameter -Wno-parentheses -Wno-long-long -Wno-missing-field-initializers -Wpointer-arith -Wwrite-strings -Wdeclaration-after-statement -Wshorten-64-to-32 -Wimplicit-function-declaration  -fno-common -pipe -std=c99 -Wall -Werror -pedantic -ObjC -DNOT_MACRUBY conftest.c  -L. -L/Users/mrada/.rvm/rubies/ruby-1.9.3-p327/lib -L/Users/mrada/.rvm/usr/lib -L. -L/usr/local/lib -L/Users/mrada/.rvm/usr/lib      -lruby.1.9.1  -lpthread -ldl -lobjc  -framework CoreFoundation -framework Cocoa -framework IOKit"
checked program was:
/* begin */
1: #include "ruby.h"
2: 
3: int main() {return 0;}
/* end */

"clang -o conftest -I/Users/mrada/.rvm/rubies/ruby-1.9.3-p327/include/ruby-1.9.1/x86_64-darwin12.2.0 -I/Users/mrada/.rvm/rubies/ruby-1.9.3-p327/include/ruby-1.9.1/ruby/backward -I/Users/mrada/.rvm/rubies/ruby-1.9.3-p327/include/ruby-1.9.1 -I. -D_XOPEN_SOURCE -D_DARWIN_C_SOURCE   -I/Users/mrada/.rvm/usr/include  -O3 -ggdb -Wall -Wextra -Wno-unused-parameter -Wno-parentheses -Wno-long-long -Wno-missing-field-initializers -Wpointer-arith -Wwrite-strings -Wdeclaration-after-statement -Wshorten-64-to-32 -Wimplicit-function-declaration  -fno-common -pipe -std=c99 -Wall -Werror -pedantic -ObjC -DNOT_MACRUBY conftest.c  -L. -L/Users/mrada/.rvm/rubies/ruby-1.9.3-p327/lib -L/Users/mrada/.rvm/usr/lib -L. -L/usr/local/lib -L/Users/mrada/.rvm/usr/lib      -lruby.1.9.1 -lbridge.o  -lpthread -ldl -lobjc  -framework CoreFoundation -framework Cocoa -framework IOKit"
conftest.c:5:53: error: expected expression
int t() { void ((*volatile p)()); p = (void ((*)()))../bridge; return 0; }
                                                    ^
1 error generated.
checked program was:
/* begin */
1: #include "ruby.h"
2: 
3: /*top*/
4: int main() {return 0;}
5: int t() { void ((*volatile p)()); p = (void ((*)()))../bridge; return 0; }
/* end */

"clang -o conftest -I/Users/mrada/.rvm/rubies/ruby-1.9.3-p327/include/ruby-1.9.1/x86_64-darwin12.2.0 -I/Users/mrada/.rvm/rubies/ruby-1.9.3-p327/include/ruby-1.9.1/ruby/backward -I/Users/mrada/.rvm/rubies/ruby-1.9.3-p327/include/ruby-1.9.1 -I. -D_XOPEN_SOURCE -D_DARWIN_C_SOURCE   -I/Users/mrada/.rvm/usr/include  -O3 -ggdb -Wall -Wextra -Wno-unused-parameter -Wno-parentheses -Wno-long-long -Wno-missing-field-initializers -Wpointer-arith -Wwrite-strings -Wdeclaration-after-statement -Wshorten-64-to-32 -Wimplicit-function-declaration  -fno-common -pipe -std=c99 -Wall -Werror -pedantic -ObjC -DNOT_MACRUBY conftest.c  -L. -L/Users/mrada/.rvm/rubies/ruby-1.9.3-p327/lib -L/Users/mrada/.rvm/usr/lib -L. -L/usr/local/lib -L/Users/mrada/.rvm/usr/lib      -lruby.1.9.1 -lbridge.o  -lpthread -ldl -lobjc  -framework CoreFoundation -framework Cocoa -framework IOKit"
conftest.c:5:11: error: expected expression
int t() { ../bridge(); return 0; }
          ^
1 error generated.
checked program was:
/* begin */
1: #include "ruby.h"
2: 
3: /*top*/
4: int main() {return 0;}
5: int t() { ../bridge(); return 0; }
/* end */

--------------------

